                               SARIMAX Results                                
==============================================================================
Dep. Variable:        air_temperature   No. Observations:                16872
Model:                 ARIMA(4, 0, 0)   Log Likelihood              -16193.367
Date:                Thu, 10 Apr 2025   AIC                          32398.735
Time:                        16:39:32   BIC                          32445.135
Sample:                             0   HQIC                         32414.041
                              - 16872                                         
Covariance Type:                  opg                                         
==============================================================================
                 coef    std err          z      P>|z|      [0.025      0.975]
------------------------------------------------------------------------------
const         20.1607      0.181    111.230      0.000      19.805      20.516
ar.L1          1.3777      0.003    405.372      0.000       1.371       1.384
ar.L2         -0.3749      0.006    -60.713      0.000      -0.387      -0.363
ar.L3         -0.0092      0.009     -1.066      0.287      -0.026       0.008
ar.L4         -0.0233      0.006     -3.894      0.000      -0.035      -0.012
sigma2         0.3991      0.002    217.249      0.000       0.395       0.403
===================================================================================
Ljung-Box (L1) (Q):                   0.00   Jarque-Bera (JB):            228232.50
Prob(Q):                              0.97   Prob(JB):                         0.00
Heteroskedasticity (H):               0.84   Skew:                             1.08
Prob(H) (two-sided):                  0.00   Kurtosis:                        20.89
===================================================================================

Warnings:
[1] Covariance matrix calculated using the outer product of gradients (complex-step).
                  0
count  16872.000000
mean      -0.000243
std        0.632283
min       -9.090594
25%       -0.287587
50%       -0.050912
75%        0.230536
max       12.702901

Test RMSE: 0.986