This is pdfTeX, Version 3.141592653-2.6-1.40.26 (TeX Live 2024) (preloaded format=pdflatex 2024.12.28)  24 MAY 2025 16:25
entering extended mode
 restricted \write18 enabled.
 file:line:error style messages enabled.
 %&-line parsing enabled.
**/home/jr/Desktop/TFG_Pronostico_secuencias_temporales/Memoria_TFG_Latex/memtfg.tex
(/home/jr/Desktop/TFG_Pronostico_secuencias_temporales/Memoria_TFG_Latex/memtfg.tex
LaTeX2e <2024-11-01> patch level 1
L3 programming layer <2024-12-09>
(/usr/local/texlive/2024/texmf-dist/tex/latex/extsizes/extreport.cls
Document Class: extreport 1996/10/08 v1.0 Non Standard LaTeX document class
(/usr/local/texlive/2024/texmf-dist/tex/latex/base/size12.clo
File: size12.clo 2024/06/29 v1.4n Standard LaTeX file (size option)
) (/usr/local/texlive/2024/texmf-dist/tex/latex/base/exscale.sty
Package: exscale 2018/09/24 v2.1i Standard LaTeX package exscale
LaTeX Font Info:    Redeclaring symbol font `largesymbols' on input line 57.
LaTeX Font Info:    Overwriting symbol font `largesymbols' in version `normal'
(Font)                  OMX/cmex/m/n --> OMX/cmex/m/n on input line 57.
LaTeX Font Info:    Overwriting symbol font `largesymbols' in version `bold'
(Font)                  OMX/cmex/m/n --> OMX/cmex/m/n on input line 57.
\big@size=\dimen141
)
\c@part=\count196
\c@chapter=\count197
\c@section=\count198
\c@subsection=\count199
\c@subsubsection=\count266
\c@paragraph=\count267
\c@subparagraph=\count268
\c@figure=\count269
\c@table=\count270
\abovecaptionskip=\skip49
\belowcaptionskip=\skip50
\bibindent=\dimen142
) (/usr/local/texlive/2024/texmf-dist/tex/latex/graphics/graphicx.sty
Package: graphicx 2021/09/16 v1.2d Enhanced LaTeX Graphics (DPC,SPQR)
 (/usr/local/texlive/2024/texmf-dist/tex/latex/graphics/keyval.sty
Package: keyval 2022/05/29 v1.15 key=value parser (DPC)
\KV@toks@=\toks17
) (/usr/local/texlive/2024/texmf-dist/tex/latex/graphics/graphics.sty
Package: graphics 2024/08/06 v1.4g Standard LaTeX Graphics (DPC,SPQR)
 (/usr/local/texlive/2024/texmf-dist/tex/latex/graphics/trig.sty
Package: trig 2023/12/02 v1.11 sin cos tan (DPC)
) (/usr/local/texlive/2024/texmf-dist/tex/latex/graphics-cfg/graphics.cfg
File: graphics.cfg 2016/06/04 v1.11 sample graphics configuration
)
Package graphics Info: Driver file: dvips.def on input line 106.
 (/usr/local/texlive/2024/texmf-dist/tex/latex/graphics-def/dvips.def
File: dvips.def 2022/09/22 v3.1e Graphics/color driver for dvips
))
\Gin@req@height=\dimen143
\Gin@req@width=\dimen144
) (/usr/local/texlive/2024/texmf-dist/tex/latex/graphics/epsfig.sty
Package: epsfig 2024/01/14 v1.7b (e)psfig emulation (SPQR)
\epsfxsize=\dimen145
\epsfysize=\dimen146
) (/usr/local/texlive/2024/texmf-dist/tex/latex/base/inputenc.sty
Package: inputenc 2024/02/08 v1.3d Input encoding file
\inpenc@prehook=\toks18
\inpenc@posthook=\toks19
) (/usr/local/texlive/2024/texmf-dist/tex/generic/babel/babel.sty
Package: babel 2024/12/21 v24.15 The multilingual framework for pdfLaTeX, LuaLaTeX and XeLaTeX
\babel@savecnt=\count271
\U@D=\dimen147
\l@unhyphenated=\language89
 (/usr/local/texlive/2024/texmf-dist/tex/generic/babel/txtbabel.def)
\bbl@readstream=\read2
\bbl@dirlevel=\count272
 (./spanish.ldf
Language: spanish.ldf 2001/01/30 v4.1c Spanish support from the babel system
\es@quottoks=\toks20
\es@quotdepth=\count273
Package babel Info: Making . an active character on input line 464.
Package babel Info: Making " an active character on input line 495.
Package babel Info: Making < an active character on input line 581.
Package babel Info: Making > an active character on input line 582.
)) (/usr/local/texlive/2024/texmf-dist/tex/generic/babel/locale/es/babel-spanish.tex
Package babel Info: Importing font and identification data for spanish
(babel)             from babel-es.ini. Reported on input line 11.
) (/usr/local/texlive/2024/texmf-dist/tex/latex/base/alltt.sty
Package: alltt 2024/07/07 v2.0g defines alltt environment
) (./algorithm2e.sty
Package: algorithm2e 2013/01/06 v5.00 algorithms environments
\c@AlgoLine=\count274
 (/usr/local/texlive/2024/texmf-dist/tex/latex/base/ifthen.sty
Package: ifthen 2024/03/16 v1.1e Standard LaTeX ifthen package (DPC)
) (/usr/local/texlive/2024/texmf-dist/tex/latex/tools/xspace.sty
Package: xspace 2014/10/28 v1.13 Space after command names (DPC,MH)
) (/usr/local/texlive/2024/texmf-dist/tex/latex/relsize/relsize.sty
Package: relsize 2013/03/29 ver 4.1
)
********************************************************
Package `algorithm2e' Release 5.0 -- january 06 2013 --
- algorithm2e-announce@lirmm.fr mailing list for announcement about releases
- algorithm2e-discussion@lirmm.fr mailing list for discussion about package
subscribe by emailing sympa@lirmm.fr with 'subscribe <list> <firstname name>'
- Author: Christophe Fiorio (cfiorio@um2.fr)
********************************************************
\skiptotal=\skip51
\skiplinenumber=\skip52
\skiprule=\skip53
\skiphlne=\skip54
\skiptext=\skip55
\skiplength=\skip56
\algomargin=\skip57
\skipalgocfslide=\skip58
\algowidth=\dimen148
\inoutsize=\dimen149
\inoutindent=\dimen150
\interspacetitleruled=\dimen151
\interspacealgoruled=\dimen152
\interspacetitleboxruled=\dimen153
\algocf@inoutbox=\box52
\algocf@inputbox=\box53
\AlCapSkip=\skip59
\AlCapHSkip=\skip60
\algoskipindent=\skip61
\algocf@nlbox=\box54
\algocf@hangingbox=\box55
\algocf@untilbox=\box56
\algocf@skipuntil=\skip62
\algocf@capbox=\box57
\algoheightruledefault=\skip63
\algoheightrule=\skip64
\algotitleheightruledefault=\skip65
\algotitleheightrule=\skip66
\c@algocfline=\count275
\c@algocfproc=\count276
\c@algocf=\count277
\algocf@algoframe=\box58
\algocf@algobox=\box59
) (./multirow.sty
\bigstrutjot=\dimen154
) (/usr/local/texlive/2024/texmf-dist/tex/latex/tools/array.sty
Package: array 2024/10/17 v2.6g Tabular extension package (FMi)
\col@sep=\dimen155
\ar@mcellbox=\box60
\extrarowheight=\dimen156
\NC@list=\toks21
\extratabsurround=\skip67
\backup@length=\skip68
\ar@cellbox=\box61
) (/usr/local/texlive/2024/texmf-dist/tex/latex/amsfonts/amsfonts.sty
Package: amsfonts 2013/01/14 v3.01 Basic AMSFonts support
\@emptytoks=\toks22
\symAMSa=\mathgroup4
\symAMSb=\mathgroup5
LaTeX Font Info:    Redeclaring math symbol \hbar on input line 98.
LaTeX Font Info:    Overwriting math alphabet `\mathfrak' in version `bold'
(Font)                  U/euf/m/n --> U/euf/b/n on input line 106.
) (/usr/local/texlive/2024/texmf-dist/tex/latex/amsmath/amsmath.sty
Package: amsmath 2024/11/05 v2.17t AMS math features
\@mathmargin=\skip69

For additional information on amsmath, use the `?' option.
(/usr/local/texlive/2024/texmf-dist/tex/latex/amsmath/amstext.sty
Package: amstext 2021/08/26 v2.01 AMS text
 (/usr/local/texlive/2024/texmf-dist/tex/latex/amsmath/amsgen.sty
File: amsgen.sty 1999/11/30 v2.0 generic functions
\@emptytoks=\toks23
\ex@=\dimen157
)) (/usr/local/texlive/2024/texmf-dist/tex/latex/amsmath/amsbsy.sty
Package: amsbsy 1999/11/29 v1.2d Bold Symbols
\pmbraise@=\dimen158
) (/usr/local/texlive/2024/texmf-dist/tex/latex/amsmath/amsopn.sty
Package: amsopn 2022/04/08 v2.04 operator names
)
\inf@bad=\count278
LaTeX Info: Redefining \frac on input line 233.
\uproot@=\count279
\leftroot@=\count280
LaTeX Info: Redefining \overline on input line 398.
LaTeX Info: Redefining \colon on input line 409.
\classnum@=\count281
\DOTSCASE@=\count282
LaTeX Info: Redefining \ldots on input line 495.
LaTeX Info: Redefining \dots on input line 498.
LaTeX Info: Redefining \cdots on input line 619.
\Mathstrutbox@=\box62
\strutbox@=\box63
LaTeX Info: Redefining \big on input line 721.
LaTeX Info: Redefining \Big on input line 722.
LaTeX Info: Redefining \bigg on input line 723.
LaTeX Info: Redefining \Bigg on input line 724.
\big@size=\dimen159
LaTeX Font Info:    Redeclaring font encoding OML on input line 742.
LaTeX Font Info:    Redeclaring font encoding OMS on input line 743.
\macc@depth=\count283
LaTeX Info: Redefining \bmod on input line 904.
LaTeX Info: Redefining \pmod on input line 909.
LaTeX Info: Redefining \smash on input line 939.
LaTeX Info: Redefining \relbar on input line 969.
LaTeX Info: Redefining \Relbar on input line 970.
\c@MaxMatrixCols=\count284
\dotsspace@=\muskip17
\c@parentequation=\count285
\dspbrk@lvl=\count286
\tag@help=\toks24
\row@=\count287
\column@=\count288
\maxfields@=\count289
\andhelp@=\toks25
\eqnshift@=\dimen160
\alignsep@=\dimen161
\tagshift@=\dimen162
\tagwidth@=\dimen163
\totwidth@=\dimen164
\lineht@=\dimen165
\@envbody=\toks26
\multlinegap=\skip70
\multlinetaggap=\skip71
\mathdisplay@stack=\toks27
LaTeX Info: Redefining \[ on input line 2953.
LaTeX Info: Redefining \] on input line 2954.
) (/usr/local/texlive/2024/texmf-dist/tex/latex/multirow/bigstrut.sty
Package: bigstrut 2024/11/12 v2.9 Provide larger struts in tabulars
) (/usr/local/texlive/2024/texmf-dist/tex/latex/booktabs/booktabs.sty
Package: booktabs 2020/01/12 v1.61803398 Publication quality tables
\heavyrulewidth=\dimen166
\lightrulewidth=\dimen167
\cmidrulewidth=\dimen168
\belowrulesep=\dimen169
\belowbottomsep=\dimen170
\aboverulesep=\dimen171
\abovetopsep=\dimen172
\cmidrulesep=\dimen173
\cmidrulekern=\dimen174
\defaultaddspace=\dimen175
\@cmidla=\count290
\@cmidlb=\count291
\@aboverulesep=\dimen176
\@belowrulesep=\dimen177
\@thisruleclass=\count292
\@lastruleclass=\count293
\@thisrulewidth=\dimen178
) (/usr/local/texlive/2024/texmf-dist/tex/latex/caption/caption.sty
Package: caption 2023/08/05 v3.6o Customizing captions (AR)
 (/usr/local/texlive/2024/texmf-dist/tex/latex/caption/caption3.sty
Package: caption3 2023/07/31 v2.4d caption3 kernel (AR)
\caption@tempdima=\dimen179
\captionmargin=\dimen180
\caption@leftmargin=\dimen181
\caption@rightmargin=\dimen182
\caption@width=\dimen183
\caption@indent=\dimen184
\caption@parindent=\dimen185
\caption@hangindent=\dimen186
Package caption Info: Standard document class detected.
)
\c@caption@flags=\count294
\c@continuedfloat=\count295
) (/usr/local/texlive/2024/texmf-dist/tex/latex/changepage/chngpage.sty
Package: chngpage 2009/10/20 v1.2b change page layout
\c@cp@cnt=\count296
\c@cp@tempcnt=\count297
) (/usr/local/texlive/2024/texmf-dist/tex/latex/float/float.sty
Package: float 2001/11/08 v1.3d Float enhancements (AL)
\c@float@type=\count298
\float@exts=\toks28
\float@box=\box64
\@float@everytoks=\toks29
\@floatcapt=\box65
) (/usr/local/texlive/2024/texmf-dist/tex/latex/enumitem/enumitem.sty
Package: enumitem 2019/06/20 v3.9 Customized lists
\labelindent=\skip72
\enit@outerparindent=\dimen187
\enit@toks=\toks30
\enit@inbox=\box66
\enit@count@id=\count299
\enitdp@description=\count300
) (/usr/local/texlive/2024/texmf-dist/tex/latex/lipsum/lipsum.sty (/usr/local/texlive/2024/texmf-dist/tex/latex/l3packages/l3keys2e/l3keys2e.sty (/usr/local/texlive/2024/texmf-dist/tex/latex/l3kernel/expl3.sty
Package: expl3 2024-12-09 L3 programming layer (loader) 
 (/usr/local/texlive/2024/texmf-dist/tex/latex/l3backend/l3backend-pdftex.def
File: l3backend-pdftex.def 2024-05-08 L3 backend support: PDF output (pdfTeX)
\l__color_backend_stack_int=\count301
\l__pdf_internal_box=\box67
))
Package: l3keys2e 2024-08-16 LaTeX2e option processing using LaTeX3 keys
)
Package: lipsum 2021-09-20 v2.7 150 paragraphs of Lorem Ipsum dummy text
\g__lipsum_par_int=\count302
\l__lipsum_a_int=\count303
\l__lipsum_b_int=\count304
 (/usr/local/texlive/2024/texmf-dist/tex/latex/lipsum/lipsum.ltd.tex)) (/usr/local/texlive/2024/texmf-dist/tex/latex/graphics/lscape.sty
Package: lscape 2020/05/28 v3.02 Landscape Pages (DPC)
) (/usr/local/texlive/2024/texmf-dist/tex/latex/microtype/microtype.sty
Package: microtype 2024/12/12 v3.2 Micro-typographical refinements (RS)
 (/usr/local/texlive/2024/texmf-dist/tex/latex/etoolbox/etoolbox.sty
Package: etoolbox 2020/10/05 v2.5k e-TeX tools for LaTeX (JAW)
\etb@tempcnta=\count305
)
\MT@toks=\toks31
\MT@tempbox=\box68
\MT@count=\count306
LaTeX Info: Redefining \noprotrusionifhmode on input line 1075.
LaTeX Info: Redefining \leftprotrusion on input line 1076.
\MT@prot@toks=\toks32
LaTeX Info: Redefining \rightprotrusion on input line 1095.
LaTeX Info: Redefining \textls on input line 1437.
\MT@outer@kern=\dimen188
LaTeX Info: Redefining \microtypecontext on input line 2041.
LaTeX Info: Redefining \textmicrotypecontext on input line 2058.
\MT@listname@count=\count307
 (/usr/local/texlive/2024/texmf-dist/tex/latex/microtype/microtype-pdftex.def
File: microtype-pdftex.def 2024/12/12 v3.2 Definitions specific to pdftex (RS)
LaTeX Info: Redefining \lsstyle on input line 944.
LaTeX Info: Redefining \lslig on input line 944.
\MT@outer@space=\skip73
)
Package microtype Info: Loading configuration file microtype.cfg.
 (/usr/local/texlive/2024/texmf-dist/tex/latex/microtype/microtype.cfg
File: microtype.cfg 2024/12/12 v3.2 microtype main configuration file (RS)
)
LaTeX Info: Redefining \microtypesetup on input line 3053.
) (/usr/local/texlive/2024/texmf-dist/tex/latex/natbib/natbib.sty
Package: natbib 2010/09/13 8.31b (PWD, AO)
\bibhang=\skip74
\bibsep=\skip75
LaTeX Info: Redefining \cite on input line 694.
\c@NAT@ctr=\count308
) (/usr/local/texlive/2024/texmf-dist/tex/latex/pdflscape/pdflscape.sty
Package: pdflscape 2022-10-27 v0.13 Display of landscape pages in PDF
 (/usr/local/texlive/2024/texmf-dist/tex/latex/pdflscape/pdflscape-nometadata.sty
Package: pdflscape-nometadata 2022-10-28 v0.13 Display of landscape pages in PDF (HO)
 (/usr/local/texlive/2024/texmf-dist/tex/generic/iftex/iftex.sty
Package: iftex 2024/12/12 v1.0g TeX engine tests
)
Package pdflscape Info: Auto-detected driver: pdftex on input line 81.
)) (/usr/local/texlive/2024/texmf-dist/tex/latex/graphics/rotating.sty
Package: rotating 2016/08/11 v2.16d rotated objects in LaTeX
\c@r@tfl@t=\count309
\rotFPtop=\skip76
\rotFPbot=\skip77
\rot@float@box=\box69
\rot@mess@toks=\toks33
) (/usr/local/texlive/2024/texmf-dist/tex/latex/caption/subcaption.sty
Package: subcaption 2023/07/28 v1.6b Sub-captions (AR)
Package caption Info: New subtype `subfigure' on input line 238.
\c@subfigure=\count310
Package caption Info: New subtype `subtable' on input line 238.
\c@subtable=\count311
) (./ctable.sty
Package: ctable 2011/09/05 v1.21 ctable package
 (/usr/local/texlive/2024/texmf-dist/tex/latex/graphics/color.sty
Package: color 2024/06/23 v1.3e Standard LaTeX Color (DPC)
 (/usr/local/texlive/2024/texmf-dist/tex/latex/graphics-cfg/color.cfg
File: color.cfg 2016/01/02 v1.6 sample color configuration
)
Package color Info: Driver file: pdftex.def on input line 149.
 (/usr/local/texlive/2024/texmf-dist/tex/latex/graphics-def/pdftex.def
File: pdftex.def 2024/04/13 v1.2c Graphics/color driver for pdftex
) (/usr/local/texlive/2024/texmf-dist/tex/latex/graphics/mathcolor.ltx)) (/usr/local/texlive/2024/texmf-dist/tex/latex/xkeyval/xkeyval.sty
Package: xkeyval 2022/06/16 v2.9 package option processing (HA)
 (/usr/local/texlive/2024/texmf-dist/tex/generic/xkeyval/xkeyval.tex (/usr/local/texlive/2024/texmf-dist/tex/generic/xkeyval/xkvutils.tex
\XKV@toks=\toks34
\XKV@tempa@toks=\toks35
)
\XKV@depth=\count312
File: xkeyval.tex 2014/12/03 v2.7a key=value parser (HA)
)) (/usr/local/texlive/2024/texmf-dist/tex/latex/tools/tabularx.sty
Package: tabularx 2023/12/11 v2.12a `tabularx' package (DPC)
\TX@col@width=\dimen189
\TX@old@table=\dimen190
\TX@old@col=\dimen191
\TX@target=\dimen192
\TX@delta=\dimen193
\TX@cols=\count313
\TX@ftn=\toks36
)
\@ctblframesep=\dimen194
\@defaultctblframesep=\dimen195
\@ctblframerule=\dimen196
\@defaultctblframerule=\dimen197
\@ctblwidth=\dimen198
\@defaultctblwidth=\dimen199
\@ctblcaptionskip=\dimen256
\@defaultctblcaptionskip=\dimen257
\@ctblmaxwidth=\dimen258
\@defaultctblmaxwidth=\dimen259
\@ctblmincapwidth=\dimen260
\@defaultctblmincapwidth=\dimen261
\@ctblw=\dimen262
\@ctblfloatwidth=\dimen263
\@ctbloldsep=\dimen264
\@ctbloldrule=\dimen265
\ctbl@t=\box70
) (/usr/local/texlive/2024/texmf-dist/tex/latex/hyperref/hyperref.sty
Package: hyperref 2024-11-05 v7.01l Hypertext links for LaTeX
 (/usr/local/texlive/2024/texmf-dist/tex/latex/kvsetkeys/kvsetkeys.sty
Package: kvsetkeys 2022-10-05 v1.19 Key value parser (HO)
) (/usr/local/texlive/2024/texmf-dist/tex/generic/kvdefinekeys/kvdefinekeys.sty
Package: kvdefinekeys 2019-12-19 v1.6 Define keys (HO)
) (/usr/local/texlive/2024/texmf-dist/tex/generic/pdfescape/pdfescape.sty
Package: pdfescape 2019/12/09 v1.15 Implements pdfTeX's escape features (HO)
 (/usr/local/texlive/2024/texmf-dist/tex/generic/ltxcmds/ltxcmds.sty
Package: ltxcmds 2023-12-04 v1.26 LaTeX kernel commands for general use (HO)
) (/usr/local/texlive/2024/texmf-dist/tex/generic/pdftexcmds/pdftexcmds.sty
Package: pdftexcmds 2020-06-27 v0.33 Utility functions of pdfTeX for LuaTeX (HO)
 (/usr/local/texlive/2024/texmf-dist/tex/generic/infwarerr/infwarerr.sty
Package: infwarerr 2019/12/03 v1.5 Providing info/warning/error messages (HO)
)
Package pdftexcmds Info: \pdf@primitive is available.
Package pdftexcmds Info: \pdf@ifprimitive is available.
Package pdftexcmds Info: \pdfdraftmode found.
)) (/usr/local/texlive/2024/texmf-dist/tex/latex/hycolor/hycolor.sty
Package: hycolor 2020-01-27 v1.10 Color options for hyperref/bookmark (HO)
) (/usr/local/texlive/2024/texmf-dist/tex/latex/hyperref/nameref.sty
Package: nameref 2023-11-26 v2.56 Cross-referencing by name of section
 (/usr/local/texlive/2024/texmf-dist/tex/latex/refcount/refcount.sty
Package: refcount 2019/12/15 v3.6 Data extraction from label references (HO)
) (/usr/local/texlive/2024/texmf-dist/tex/generic/gettitlestring/gettitlestring.sty
Package: gettitlestring 2019/12/15 v1.6 Cleanup title references (HO)
 (/usr/local/texlive/2024/texmf-dist/tex/latex/kvoptions/kvoptions.sty
Package: kvoptions 2022-06-15 v3.15 Key value format for package options (HO)
))
\c@section@level=\count314
) (/usr/local/texlive/2024/texmf-dist/tex/generic/stringenc/stringenc.sty
Package: stringenc 2019/11/29 v1.12 Convert strings between diff. encodings (HO)
)
\@linkdim=\dimen266
\Hy@linkcounter=\count315
\Hy@pagecounter=\count316
 (/usr/local/texlive/2024/texmf-dist/tex/latex/hyperref/pd1enc.def
File: pd1enc.def 2024-11-05 v7.01l Hyperref: PDFDocEncoding definition (HO)
Now handling font encoding PD1 ...
... no UTF-8 mapping file for font encoding PD1
) (/usr/local/texlive/2024/texmf-dist/tex/generic/intcalc/intcalc.sty
Package: intcalc 2019/12/15 v1.3 Expandable calculations with integers (HO)
)
\Hy@SavedSpaceFactor=\count317
 (/usr/local/texlive/2024/texmf-dist/tex/latex/hyperref/puenc.def
File: puenc.def 2024-11-05 v7.01l Hyperref: PDF Unicode definition (HO)
Now handling font encoding PU ...
... no UTF-8 mapping file for font encoding PU
)
Package hyperref Info: Hyper figures OFF on input line 4157.
Package hyperref Info: Link nesting OFF on input line 4162.
Package hyperref Info: Hyper index ON on input line 4165.
Package hyperref Info: Plain pages OFF on input line 4172.
Package hyperref Info: Backreferencing OFF on input line 4177.
Package hyperref Info: Implicit mode ON; LaTeX internals redefined.
Package hyperref Info: Bookmarks ON on input line 4424.
\c@Hy@tempcnt=\count318
 (/usr/local/texlive/2024/texmf-dist/tex/latex/url/url.sty
\Urlmuskip=\muskip18
Package: url 2013/09/16  ver 3.4  Verb mode for urls, etc.
)
LaTeX Info: Redefining \url on input line 4763.
\XeTeXLinkMargin=\dimen267
 (/usr/local/texlive/2024/texmf-dist/tex/generic/bitset/bitset.sty
Package: bitset 2019/12/09 v1.3 Handle bit-vector datatype (HO)
 (/usr/local/texlive/2024/texmf-dist/tex/generic/bigintcalc/bigintcalc.sty
Package: bigintcalc 2019/12/15 v1.5 Expandable calculations on big integers (HO)
))
\Fld@menulength=\count319
\Field@Width=\dimen268
\Fld@charsize=\dimen269
Package hyperref Info: Hyper figures OFF on input line 6042.
Package hyperref Info: Link nesting OFF on input line 6047.
Package hyperref Info: Hyper index ON on input line 6050.
Package hyperref Info: backreferencing OFF on input line 6057.
Package hyperref Info: Link coloring OFF on input line 6062.
Package hyperref Info: Link coloring with OCG OFF on input line 6067.
Package hyperref Info: PDF/A mode OFF on input line 6072.
 (/usr/local/texlive/2024/texmf-dist/tex/latex/base/atbegshi-ltx.sty
Package: atbegshi-ltx 2021/01/10 v1.0c Emulation of the original atbegshi
package with kernel methods
)
\Hy@abspage=\count320
\c@Item=\count321
\c@Hfootnote=\count322
)
Package hyperref Info: Driver (autodetected): hpdftex.
 (/usr/local/texlive/2024/texmf-dist/tex/latex/hyperref/hpdftex.def
File: hpdftex.def 2024-11-05 v7.01l Hyperref driver for pdfTeX
 (/usr/local/texlive/2024/texmf-dist/tex/latex/base/atveryend-ltx.sty
Package: atveryend-ltx 2020/08/19 v1.0a Emulation of the original atveryend package
with kernel methods
)
\Fld@listcount=\count323
\c@bookmark@seq@number=\count324
 (/usr/local/texlive/2024/texmf-dist/tex/latex/rerunfilecheck/rerunfilecheck.sty
Package: rerunfilecheck 2022-07-10 v1.10 Rerun checks for auxiliary files (HO)
 (/usr/local/texlive/2024/texmf-dist/tex/generic/uniquecounter/uniquecounter.sty
Package: uniquecounter 2019/12/15 v1.4 Provide unlimited unique counter (HO)
)
Package uniquecounter Info: New unique counter `rerunfilecheck' on input line 285.
)
\Hy@SectionHShift=\skip78
) (/usr/local/texlive/2024/texmf-dist/tex/latex/gensymb/gensymb.sty
Package: gensymb 2022/10/17 v1.0.2 (KJH)
) (/usr/local/texlive/2024/texmf-dist/tex/latex/eurosym/eurosym.sty
Package: eurosym 1998/08/06 v1.1 European currency symbol ``Euro''
\@eurobox=\box71
) (/usr/local/texlive/2024/texmf-dist/tex/latex/xcolor/xcolor.sty
Package: xcolor 2024/09/29 v3.02 LaTeX color extensions (UK)
 (/usr/local/texlive/2024/texmf-dist/tex/latex/graphics-cfg/color.cfg
File: color.cfg 2016/01/02 v1.6 sample color configuration
)
Package xcolor Info: Driver file: pdftex.def on input line 274.
LaTeX Info: Redefining \color on input line 762.
 (/usr/local/texlive/2024/texmf-dist/tex/latex/graphics/mathcolor.ltx)
Package xcolor Info: Model `cmy' substituted by `cmy0' on input line 1349.
Package xcolor Info: Model `RGB' extended on input line 1365.
Package xcolor Info: Model `HTML' substituted by `rgb' on input line 1367.
Package xcolor Info: Model `Hsb' substituted by `hsb' on input line 1368.
Package xcolor Info: Model `tHsb' substituted by `hsb' on input line 1369.
Package xcolor Info: Model `HSB' substituted by `hsb' on input line 1370.
Package xcolor Info: Model `Gray' substituted by `gray' on input line 1371.
Package xcolor Info: Model `wave' substituted by `hsb' on input line 1372.
) (/usr/local/texlive/2024/texmf-dist/tex/latex/tabu/tabu.sty
Package: tabu 2019/01/11 v2.9 - flexible LaTeX tabulars (FC+tabu-fixed)
 (/usr/local/texlive/2024/texmf-dist/tex/latex/varwidth/varwidth.sty
Package: varwidth 2009/03/30 ver 0.92;  Variable-width minipages
\@vwid@box=\box72
\sift@deathcycles=\count325
\@vwid@loff=\dimen270
\@vwid@roff=\dimen271
)
\c@taburow=\count326
\tabu@nbcols=\count327
\tabu@cnt=\count328
\tabu@Xcol=\count329
\tabu@alloc=\count330
\tabu@nested=\count331
\tabu@target=\dimen272
\tabu@spreadtarget=\dimen273
\tabu@naturalX=\dimen274
\tabucolX=\dimen275
\tabu@Xsum=\dimen276
\extrarowdepth=\dimen277
\abovetabulinesep=\dimen278
\belowtabulinesep=\dimen279
\tabustrutrule=\dimen280
\tabu@thebody=\toks37
\tabu@footnotes=\toks38
\tabu@box=\box73
\tabu@arstrutbox=\box74
\tabu@hleads=\box75
\tabu@vleads=\box76
\tabu@cellskip=\skip79
) (/usr/local/texlive/2024/texmf-dist/tex/latex/lineno/lineno.sty
Package: lineno 2023/05/20 line numbers on paragraphs v5.3
\linenopenalty=\count332
\output=\toks39
\linenoprevgraf=\count333
\linenumbersep=\dimen281
\linenumberwidth=\dimen282
\c@linenumber=\count334
\c@pagewiselinenumber=\count335
\c@LN@truepage=\count336
\c@internallinenumber=\count337
\c@internallinenumbers=\count338
\quotelinenumbersep=\dimen283
\bframerule=\dimen284
\bframesep=\dimen285
\bframebox=\box77
\linenoamsmath@ams@eqpen=\count339
LaTeX Info: Redefining \\ on input line 3180.
) (/usr/local/texlive/2024/texmf-dist/tex/latex/geometry/geometry.sty
Package: geometry 2020/01/02 v5.9 Page Geometry
 (/usr/local/texlive/2024/texmf-dist/tex/generic/iftex/ifvtex.sty
Package: ifvtex 2019/10/25 v1.7 ifvtex legacy package. Use iftex instead.
)
\Gm@cnth=\count340
\Gm@cntv=\count341
\c@Gm@tempcnt=\count342
\Gm@bindingoffset=\dimen286
\Gm@wd@mp=\dimen287
\Gm@odd@mp=\dimen288
\Gm@even@mp=\dimen289
\Gm@layoutwidth=\dimen290
\Gm@layoutheight=\dimen291
\Gm@layouthoffset=\dimen292
\Gm@layoutvoffset=\dimen293
\Gm@dimlist=\toks40
) (/usr/local/texlive/2024/texmf-dist/tex/latex/bera/bera.sty
Package: bera 2004/01/31 (WaS)
 (/usr/local/texlive/2024/texmf-dist/tex/latex/base/fontenc.sty
Package: fontenc 2021/04/29 v2.0v Standard LaTeX package
) (/usr/local/texlive/2024/texmf-dist/tex/latex/base/textcomp.sty
Package: textcomp 2024/04/24 v2.1b Standard LaTeX package
) (/usr/local/texlive/2024/texmf-dist/tex/latex/bera/beraserif.sty
Package: beraserif 2004/01/30 (WaS)
LaTeX Font Info:    Trying to load font information for T1+fve on input line 30.
 (/usr/local/texlive/2024/texmf-dist/tex/latex/bera/t1fve.fd
File: t1fve.fd 2004/09/07 scalable font definitions for T1/fve.
)
LaTeX Font Info:    Font shape `T1/fve/m/n' will be
(Font)              scaled to size 10.79993pt on input line 30.
) (/usr/local/texlive/2024/texmf-dist/tex/latex/bera/berasans.sty
Package: berasans 2004/01/30 (WaS)
) (/usr/local/texlive/2024/texmf-dist/tex/latex/bera/beramono.sty
Package: beramono 2004/01/31 (WaS)
)) (/usr/local/texlive/2024/texmf-dist/tex/latex/listings/listings.sty
\lst@mode=\count343
\lst@gtempboxa=\box78
\lst@token=\toks41
\lst@length=\count344
\lst@currlwidth=\dimen294
\lst@column=\count345
\lst@pos=\count346
\lst@lostspace=\dimen295
\lst@width=\dimen296
\lst@newlines=\count347
\lst@lineno=\count348
\lst@maxwidth=\dimen297
 (/usr/local/texlive/2024/texmf-dist/tex/latex/listings/lstpatch.sty
File: lstpatch.sty 2024/09/23 1.10c (Carsten Heinz)
) (/usr/local/texlive/2024/texmf-dist/tex/latex/listings/lstmisc.sty
File: lstmisc.sty 2024/09/23 1.10c (Carsten Heinz)
\c@lstnumber=\count349
\lst@skipnumbers=\count350
\lst@framebox=\box79
) (/usr/local/texlive/2024/texmf-dist/tex/latex/listings/listings.cfg
File: listings.cfg 2024/09/23 1.10c listings configuration
))
Package: listings 2024/09/23 1.10c (Carsten Heinz)
 (./memtfg.aux)
\openout1 = `memtfg.aux'.

LaTeX Font Info:    Checking defaults for OML/cmm/m/it on input line 106.
LaTeX Font Info:    ... okay on input line 106.
LaTeX Font Info:    Checking defaults for OMS/cmsy/m/n on input line 106.
LaTeX Font Info:    ... okay on input line 106.
LaTeX Font Info:    Checking defaults for OT1/cmr/m/n on input line 106.
LaTeX Font Info:    ... okay on input line 106.
LaTeX Font Info:    Checking defaults for T1/cmr/m/n on input line 106.
LaTeX Font Info:    ... okay on input line 106.
LaTeX Font Info:    Checking defaults for TS1/cmr/m/n on input line 106.
LaTeX Font Info:    ... okay on input line 106.
LaTeX Font Info:    Checking defaults for OMX/cmex/m/n on input line 106.
LaTeX Font Info:    ... okay on input line 106.
LaTeX Font Info:    Checking defaults for U/cmr/m/n on input line 106.
LaTeX Font Info:    ... okay on input line 106.
LaTeX Font Info:    Checking defaults for PD1/pdf/m/n on input line 106.
LaTeX Font Info:    ... okay on input line 106.
LaTeX Font Info:    Checking defaults for PU/pdf/m/n on input line 106.
LaTeX Font Info:    ... okay on input line 106.
Package caption Info: Begin \AtBeginDocument code.
Package caption Info: float package is loaded.
Package caption Info: hyperref package is loaded.
Package caption Info: listings package is loaded.
Package caption Info: rotating package is loaded.
Package caption Info: End \AtBeginDocument code.
Package microtype Info: Patching varwidth to enable character protrusion.
\MT@vwid@leftmargin=\dimen298
\MT@vwid@rightmargin=\dimen299
LaTeX Info: Redefining \microtypecontext on input line 106.
Package microtype Info: Applying patch `item' on input line 106.
Package microtype Info: Applying patch `toc' on input line 106.
Package microtype Info: Applying patch `eqnum' on input line 106.
Package microtype Info: Applying patch `footnote' on input line 106.
Package microtype Info: Applying patch `verbatim' on input line 106.
LaTeX Info: Redefining \microtypesetup on input line 106.
Package microtype Info: Generating PDF output.
Package microtype Info: Character protrusion enabled (level 2).
Package microtype Info: Using default protrusion set `alltext'.
Package microtype Info: Automatic font expansion enabled (level 2),
(microtype)             stretch: 20, shrink: 20, step: 1, non-selected.
Package microtype Info: Using default expansion set `alltext-nott'.
LaTeX Info: Redefining \showhyphens on input line 106.
Package microtype Info: No adjustment of tracking.
Package microtype Info: No adjustment of interword spacing.
Package microtype Info: No adjustment of character kerning.
Package microtype Info: Loading generic protrusion settings for font family
(microtype)             `fve' (encoding: T1).
(microtype)             For optimal results, create family-specific settings.
(microtype)             See the microtype manual for details.
 (/usr/local/texlive/2024/texmf-dist/tex/context/base/mkii/supp-pdf.mkii
[Loading MPS to PDF converter (version 2006.09.02).]
\scratchcounter=\count351
\scratchdimen=\dimen300
\scratchbox=\box80
\nofMPsegments=\count352
\nofMParguments=\count353
\everyMPshowfont=\toks42
\MPscratchCnt=\count354
\MPscratchDim=\dimen301
\MPnumerator=\count355
\makeMPintoPDFobject=\count356
\everyMPtoPDFconversion=\toks43
) (/usr/local/texlive/2024/texmf-dist/tex/latex/epstopdf-pkg/epstopdf-base.sty
Package: epstopdf-base 2020-01-24 v2.11 Base part for package epstopdf
Package epstopdf-base Info: Redefining graphics rule for `.eps' on input line 485.
 (/usr/local/texlive/2024/texmf-dist/tex/latex/latexconfig/epstopdf-sys.cfg
File: epstopdf-sys.cfg 2010/07/13 v1.3 Configuration of (r)epstopdf for TeX Live
))
Package hyperref Info: Link coloring OFF on input line 106.
 (./memtfg.out) (./memtfg.out)
\@outlinefile=\write3
\openout3 = `memtfg.out'.

\symgns@font=\mathgroup6
LaTeX Font Info:    Overwriting symbol font `gns@font' in version `bold'
(Font)                  TS1/fve/m/n --> TS1/fve/b/n on input line 106.
Package gensymb Info: Math companion symbols declared on input line 106.
LaTeX Info: Redefining \degree on input line 106.
LaTeX Info: Redefining \celsius on input line 106.
Package gensymb Info: Using text companion symbols for \degree, \celsius and \perthousand on input line 106.
LaTeX Info: Redefining \ohm on input line 106.
Package gensymb Info: Using \textohm for \ohm on input line 106.
Package gensymb Info: Using \textmu for \micro on input line 106.

*geometry* driver: auto-detecting
*geometry* detected driver: pdftex
*geometry* verbose mode - [ preamble ] result:
* driver: pdftex
* paper: a4paper
* layout: <same size as paper>
* layoutoffset:(h,v)=(0.0pt,0.0pt)
* modes: 
* h-part:(L,W,R)=(56.9055pt, 483.69687pt, 56.9055pt)
* v-part:(T,H,B)=(56.9055pt, 731.23584pt, 56.9055pt)
* \paperwidth=597.50787pt
* \paperheight=845.04684pt
* \textwidth=483.69687pt
* \textheight=731.23584pt
* \oddsidemargin=-15.36449pt
* \evensidemargin=-15.36449pt
* \topmargin=-52.36449pt
* \headheight=12.0pt
* \headsep=25.0pt
* \topskip=12.0pt
* \footskip=30.0pt
* \marginparwidth=35.0pt
* \marginparsep=10.0pt
* \columnsep=10.0pt
* \skip\footins=10.8pt plus 4.0pt minus 2.0pt
* \hoffset=0.0pt
* \voffset=0.0pt
* \mag=1000
* \@twocolumnfalse
* \@twosidefalse
* \@mparswitchfalse
* \@reversemarginfalse
* (1in=72.27pt=25.4mm, 1cm=28.453pt)

\c@lstlisting=\count357
<images/escuela-ingenieria-tecnologia-original.png, id=225, 434.1018pt x 158.994pt>
File: images/escuela-ingenieria-tecnologia-original.png Graphic file (type png)
<use images/escuela-ingenieria-tecnologia-original.png>
Package pdftex.def Info: images/escuela-ingenieria-tecnologia-original.png  used on input line 125.
(pdftex.def)             Requested size: 347.28192pt x 127.19536pt.
LaTeX Font Info:    Font shape `T1/fve/m/n' will be
(Font)              scaled to size 22.39185pt on input line 126.
LaTeX Font Info:    Font shape `T1/fve/m/n' will be
(Font)              scaled to size 15.55188pt on input line 132.
LaTeX Font Info:    Font shape `T1/fve/m/it' in size <17.28> not available
(Font)              Font shape `T1/fve/m/sl' tried instead on input line 132.
LaTeX Font Info:    Font shape `T1/fve/m/sl' will be
(Font)              scaled to size 15.55188pt on input line 132.


[1
Non-PDF special ignored!
<special> papersize=597.50787pt,845.04684pt

{/usr/local/texlive/2024/texmf-var/fonts/map/pdftex/updmap/pdftex.map}{/usr/local/texlive/2024/texmf-dist/fonts/enc/dvips/base/8r.enc} <./images/escuela-ingenieria-tecnologia-original.png>]
LaTeX Font Info:    Font shape `T1/fve/b/n' will be
(Font)              scaled to size 10.79993pt on input line 151.
LaTeX Font Info:    Font shape `T1/fve/m/it' in size <12> not available
(Font)              Font shape `T1/fve/m/sl' tried instead on input line 165.
LaTeX Font Info:    Font shape `T1/fve/m/sl' will be
(Font)              scaled to size 10.79993pt on input line 165.


[2]
LaTeX Font Info:    Font shape `T1/fve/m/n' will be
(Font)              scaled to size 18.66588pt on input line 185.
LaTeX Font Info:    Font shape `T1/fve/m/n' will be
(Font)              scaled to size 12.9599pt on input line 191.


[3]
<images/by-nc-sa_88x31.png, id=244, 88.33pt x 31.11626pt>
File: images/by-nc-sa_88x31.png Graphic file (type png)
<use images/by-nc-sa_88x31.png>
Package pdftex.def Info: images/by-nc-sa_88x31.png  used on input line 219.
(pdftex.def)             Requested size: 158.99385pt x 56.00919pt.
LaTeX Font Info:    Trying to load font information for TS1+fve on input line 223.
 (/usr/local/texlive/2024/texmf-dist/tex/latex/bera/ts1fve.fd
File: ts1fve.fd 2004/09/07 scalable font definitions for TS1/fve.
)
LaTeX Font Info:    Font shape `TS1/fve/m/n' will be
(Font)              scaled to size 12.9599pt on input line 223.
Package microtype Info: Loading generic protrusion settings for font family
(microtype)             `fve' (encoding: TS1).
(microtype)             For optimal results, create family-specific settings.
(microtype)             See the microtype manual for details.


[4 <./images/by-nc-sa_88x31.png>]


pdfTeX warning (ext4): destination with the same identifier (name{page.1}) has been already used, duplicate ignored
<to be read again> 
                   \relax 
l.239 \end{abstract}
                     [1]


pdfTeX warning (ext4): destination with the same identifier (name{page.1}) has been already used, duplicate ignored
<to be read again> 
                   \relax 
l.257 \newpage
              {\pagestyle{empty}} [1]
LaTeX Font Info:    Font shape `T1/fve/b/n' will be
(Font)              scaled to size 22.39185pt on input line 278.
 (./memtfg.toc
LaTeX Font Info:    Font shape `T1/fve/b/n' will be
(Font)              scaled to size 18.66588pt on input line 2.
 (/usr/local/texlive/2024/texmf-dist/tex/latex/microtype/mt-cmr.cfg
File: mt-cmr.cfg 2013/05/19 v2.2 microtype config. file: Computer Modern Roman (RS)
)
LaTeX Font Info:    Trying to load font information for U+msa on input line 3.
 (/usr/local/texlive/2024/texmf-dist/tex/latex/amsfonts/umsa.fd
File: umsa.fd 2013/01/14 v3.01 AMS symbols A
) (/usr/local/texlive/2024/texmf-dist/tex/latex/microtype/mt-msa.cfg
File: mt-msa.cfg 2006/02/04 v1.1 microtype config. file: AMS symbols (a) (RS)
)
LaTeX Font Info:    Trying to load font information for U+msb on input line 3.
 (/usr/local/texlive/2024/texmf-dist/tex/latex/amsfonts/umsb.fd
File: umsb.fd 2013/01/14 v3.01 AMS symbols B
) (/usr/local/texlive/2024/texmf-dist/tex/latex/microtype/mt-msb.cfg
File: mt-msb.cfg 2005/06/01 v1.0 microtype config. file: AMS symbols (b) (RS)
)
LaTeX Font Info:    Font shape `TS1/fve/m/n' will be
(Font)              scaled to size 10.79993pt on input line 3.
LaTeX Font Info:    Font shape `TS1/fve/m/n' will be
(Font)              scaled to size 7.19995pt on input line 3.
LaTeX Font Info:    Font shape `TS1/fve/m/n' will be
(Font)              scaled to size 5.39996pt on input line 3.



LaTeX Font Warning: Font shape `T1/fve/m/sc' undefined
(Font)              using `T1/fve/m/n' instead on input line 39.

LaTeX Font Info:    Font shape `T1/fve/m/sc' will be
(Font)              scaled to size 10.79993pt on input line 39.

Package hyperref Warning: Token not allowed in a PDF string (PDFDocEncoding):
(hyperref)                removing `\hbox' on input line 39.


Package hyperref Warning: Token not allowed in a PDF string (PDFDocEncoding):
(hyperref)                removing `\<def>-command' on input line 39.


Package hyperref Warning: Token not allowed in a PDF string (PDFDocEncoding):
(hyperref)                removing `\tf@size' on input line 39.


Package hyperref Warning: Token not allowed in a PDF string (PDFDocEncoding):
(hyperref)                removing `\<def>-command' on input line 39.


Package hyperref Warning: Token not allowed in a PDF string (PDFDocEncoding):
(hyperref)                removing `\sf@size' on input line 39.


Package hyperref Warning: Token not allowed in a PDF string (PDFDocEncoding):
(hyperref)                removing `\<def>-command' on input line 39.


Package hyperref Warning: Token not allowed in a PDF string (PDFDocEncoding):
(hyperref)                removing `\ssf@size' on input line 39.

[1

])
\tf@toc=\write4
\openout4 = `memtfg.toc'.




Package hyperref Warning: Token not allowed in a PDF string (PDFDocEncoding):
(hyperref)                removing `\hbox' on input line 281.


Package hyperref Warning: Token not allowed in a PDF string (PDFDocEncoding):
(hyperref)                removing `\<def>-command' on input line 281.


Package hyperref Warning: Token not allowed in a PDF string (PDFDocEncoding):
(hyperref)                removing `\tf@size' on input line 281.


Package hyperref Warning: Token not allowed in a PDF string (PDFDocEncoding):
(hyperref)                removing `\<def>-command' on input line 281.


Package hyperref Warning: Token not allowed in a PDF string (PDFDocEncoding):
(hyperref)                removing `\sf@size' on input line 281.


Package hyperref Warning: Token not allowed in a PDF string (PDFDocEncoding):
(hyperref)                removing `\<def>-command' on input line 281.


Package hyperref Warning: Token not allowed in a PDF string (PDFDocEncoding):
(hyperref)                removing `\ssf@size' on input line 281.

[2] (./memtfg.lof
Overfull \hbox (2.63512pt too wide) detected at line 13
\T1/fve/m/n/12 2.10. 
 []


Overfull \hbox (2.63512pt too wide) detected at line 14
\T1/fve/m/n/12 2.11. 
 []


Overfull \hbox (2.63512pt too wide) detected at line 15
\T1/fve/m/n/12 2.13. 
 []


Overfull \hbox (2.63512pt too wide) detected at line 16
\T1/fve/m/n/12 2.14. 
 []


Overfull \hbox (2.63512pt too wide) detected at line 17
\T1/fve/m/n/12 2.12. 
 []


Overfull \hbox (2.63512pt too wide) detected at line 18
\T1/fve/m/n/12 2.15. 
 []


Overfull \hbox (2.63512pt too wide) detected at line 19
\T1/fve/m/n/12 2.16. 
 []


Overfull \hbox (2.63512pt too wide) detected at line 29
\T1/fve/m/n/12 3.10. 
 []


Overfull \hbox (2.63512pt too wide) detected at line 31
\T1/fve/m/n/12 3.11. 
 []


Overfull \hbox (2.63512pt too wide) detected at line 32
\T1/fve/m/n/12 3.12. 
 []


Overfull \hbox (2.63512pt too wide) detected at line 33
\T1/fve/m/n/12 3.13. 
 []


Overfull \hbox (2.63512pt too wide) detected at line 34
\T1/fve/m/n/12 3.14. 
 []

LaTeX Font Info:    Trying to load font information for T1+fvm on input line 34.
(/usr/local/texlive/2024/texmf-dist/tex/latex/bera/t1fvm.fd
File: t1fvm.fd 2004/09/07 scalable font definitions for T1/fvm.
)
LaTeX Font Info:    Font shape `T1/fvm/m/n' will be
(Font)              scaled to size 10.79993pt on input line 34.
Package microtype Info: Loading generic protrusion settings for font family
(microtype)             `fvm' (encoding: T1).
(microtype)             For optimal results, create family-specific settings.
(microtype)             See the microtype manual for details.

Overfull \hbox (2.63512pt too wide) detected at line 35
\T1/fve/m/n/12 3.15. 
 []


Overfull \hbox (2.63512pt too wide) detected at line 36
\T1/fve/m/n/12 3.16. 
 []




Package hyperref Warning: Token not allowed in a PDF string (PDFDocEncoding):
(hyperref)                removing `\hbox' on input line 37.


Package hyperref Warning: Token not allowed in a PDF string (PDFDocEncoding):
(hyperref)                removing `\<def>-command' on input line 37.


Package hyperref Warning: Token not allowed in a PDF string (PDFDocEncoding):
(hyperref)                removing `\tf@size' on input line 37.


Package hyperref Warning: Token not allowed in a PDF string (PDFDocEncoding):
(hyperref)                removing `\<def>-command' on input line 37.


Package hyperref Warning: Token not allowed in a PDF string (PDFDocEncoding):
(hyperref)                removing `\sf@size' on input line 37.


Package hyperref Warning: Token not allowed in a PDF string (PDFDocEncoding):
(hyperref)                removing `\<def>-command' on input line 37.


Package hyperref Warning: Token not allowed in a PDF string (PDFDocEncoding):
(hyperref)                removing `\ssf@size' on input line 37.

[3

]
Overfull \hbox (2.63512pt too wide) detected at line 37
\T1/fve/m/n/12 3.17. 
 []


Overfull \hbox (2.63512pt too wide) detected at line 38
\T1/fve/m/n/12 3.18. 
 []


Overfull \hbox (2.63512pt too wide) detected at line 39
\T1/fve/m/n/12 3.19. 
 []


Overfull \hbox (2.63512pt too wide) detected at line 40
\T1/fve/m/n/12 3.20. 
 []


Overfull \hbox (2.63512pt too wide) detected at line 41
\T1/fve/m/n/12 3.21. 
 []


Overfull \hbox (2.63512pt too wide) detected at line 42
\T1/fve/m/n/12 3.22. 
 []


Overfull \hbox (2.63512pt too wide) detected at line 43
\T1/fve/m/n/12 3.23. 
 []


Overfull \hbox (2.63512pt too wide) detected at line 44
\T1/fve/m/n/12 3.24. 
 []


Overfull \hbox (2.63512pt too wide) detected at line 45
\T1/fve/m/n/12 3.25. 
 []

)
\tf@lof=\write5
\openout5 = `memtfg.lof'.




Package hyperref Warning: Token not allowed in a PDF string (PDFDocEncoding):
(hyperref)                removing `\hbox' on input line 286.


Package hyperref Warning: Token not allowed in a PDF string (PDFDocEncoding):
(hyperref)                removing `\<def>-command' on input line 286.


Package hyperref Warning: Token not allowed in a PDF string (PDFDocEncoding):
(hyperref)                removing `\tf@size' on input line 286.


Package hyperref Warning: Token not allowed in a PDF string (PDFDocEncoding):
(hyperref)                removing `\<def>-command' on input line 286.


Package hyperref Warning: Token not allowed in a PDF string (PDFDocEncoding):
(hyperref)                removing `\sf@size' on input line 286.


Package hyperref Warning: Token not allowed in a PDF string (PDFDocEncoding):
(hyperref)                removing `\<def>-command' on input line 286.


Package hyperref Warning: Token not allowed in a PDF string (PDFDocEncoding):
(hyperref)                removing `\ssf@size' on input line 286.

[4] (./memtfg.lot)
\tf@lot=\write6
\openout6 = `memtfg.lot'.




Package hyperref Warning: Token not allowed in a PDF string (PDFDocEncoding):
(hyperref)                removing `\hbox' on input line 291.


Package hyperref Warning: Token not allowed in a PDF string (PDFDocEncoding):
(hyperref)                removing `\<def>-command' on input line 291.


Package hyperref Warning: Token not allowed in a PDF string (PDFDocEncoding):
(hyperref)                removing `\tf@size' on input line 291.


Package hyperref Warning: Token not allowed in a PDF string (PDFDocEncoding):
(hyperref)                removing `\<def>-command' on input line 291.


Package hyperref Warning: Token not allowed in a PDF string (PDFDocEncoding):
(hyperref)                removing `\sf@size' on input line 291.


Package hyperref Warning: Token not allowed in a PDF string (PDFDocEncoding):
(hyperref)                removing `\<def>-command' on input line 291.


Package hyperref Warning: Token not allowed in a PDF string (PDFDocEncoding):
(hyperref)                removing `\ssf@size' on input line 291.

[5

]
Cap\'{\i }tulo 1.
(./cap1.tex
LaTeX Font Info:    Font shape `T1/fve/b/n' will be
(Font)              scaled to size 15.55188pt on input line 1.



pdfTeX warning (ext4): destination with the same identifier (name{page.1}) has been already used, duplicate ignored
<to be read again> 
                   \relax 
l.23 
      [1

]


pdfTeX warning (ext4): destination with the same identifier (name{page.2}) has been already used, duplicate ignored
<to be read again> 
                   \relax 
l.55 
      [2]


pdfTeX warning (ext4): destination with the same identifier (name{page.3}) has been already used, duplicate ignored
<to be read again> 
                   \relax 
l.88 \newpage
              [3])
Cap\'{\i }tulo 2.
(./cap2.tex


pdfTeX warning (ext4): destination with the same identifier (name{page.4}) has been already used, duplicate ignored
<to be read again> 
                   \relax 
l.29 \end{itemize}
                   [4

]
<images/mapa_estaciones.png, id=508, 578.16pt x 505.13719pt>
File: images/mapa_estaciones.png Graphic file (type png)
<use images/mapa_estaciones.png>
Package pdftex.def Info: images/mapa_estaciones.png  used on input line 43.
(pdftex.def)             Requested size: 290.22107pt x 253.56227pt.
LaTeX Font Info:    Font shape `T1/fve/b/n' will be
(Font)              scaled to size 12.9599pt on input line 61.
<images/node-red_grafcan.png, id=510, 1927.2pt x 1084.05pt>
File: images/node-red_grafcan.png Graphic file (type png)
<use images/node-red_grafcan.png>
Package pdftex.def Info: images/node-red_grafcan.png  used on input line 66.
(pdftex.def)             Requested size: 483.69687pt x 272.07048pt.


[5 <./images/mapa_estaciones.png>]
<images/node-red_open-meteo.png, id=517, 1927.2pt x 1084.05pt>
File: images/node-red_open-meteo.png Graphic file (type png)
<use images/node-red_open-meteo.png>
Package pdftex.def Info: images/node-red_open-meteo.png  used on input line 81.
(pdftex.def)             Requested size: 483.69687pt x 272.07048pt.


[6 <./images/node-red_grafcan.png>]
<images/visualizacion_1.png, id=526, 620.7993pt x 395.3169pt>
File: images/visualizacion_1.png Graphic file (type png)
<use images/visualizacion_1.png>
Package pdftex.def Info: images/visualizacion_1.png  used on input line 116.
(pdftex.def)             Requested size: 386.95897pt x 246.41495pt.
<images/visualizacion_2.png, id=527, 607.7907pt x 395.3169pt>
File: images/visualizacion_2.png Graphic file (type png)
<use images/visualizacion_2.png>
Package pdftex.def Info: images/visualizacion_2.png  used on input line 122.
(pdftex.def)             Requested size: 386.95897pt x 251.68695pt.
<images/visualizacion_3.png, id=528, 617.9085pt x 395.3169pt>
File: images/visualizacion_3.png Graphic file (type png)
<use images/visualizacion_3.png>
Package pdftex.def Info: images/visualizacion_3.png  used on input line 128.
(pdftex.def)             Requested size: 386.95897pt x 247.56104pt.


[7 <./images/node-red_open-meteo.png>]
LaTeX Font Info:    Font shape `T1/fve/m/n' will be
(Font)              scaled to size 9.85492pt on input line 140.
LaTeX Font Info:    Font shape `TS1/fve/m/n' will be
(Font)              scaled to size 9.85492pt on input line 142.


[8 <./images/visualizacion_1.png>]

[9 <./images/visualizacion_2.png> <./images/visualizacion_3.png>]
LaTeX Font Info:    Font shape `T1/fve/m/n' will be
(Font)              scaled to size 8.99994pt on input line 195.
LaTeX Font Info:    Font shape `TS1/fve/m/n' will be
(Font)              scaled to size 8.99994pt on input line 196.
LaTeX Font Info:    Font shape `TS1/fve/m/n' will be
(Font)              scaled to size 6.29996pt on input line 196.
LaTeX Font Info:    Font shape `TS1/fve/m/n' will be
(Font)              scaled to size 4.49997pt on input line 196.
LaTeX Font Info:    Font shape `T1/fve/b/n' will be
(Font)              scaled to size 8.99994pt on input line 198.
<images/histogram_humidity.png, id=554, 622.325pt x 391.4625pt>
File: images/histogram_humidity.png Graphic file (type png)
<use images/histogram_humidity.png>
Package pdftex.def Info: images/histogram_humidity.png  used on input line 234.
(pdftex.def)             Requested size: 241.84843pt x 152.13216pt.
<images/histogram_temperature.png, id=555, 621.32124pt x 391.4625pt>
File: images/histogram_temperature.png Graphic file (type png)
<use images/histogram_temperature.png>
Package pdftex.def Info: images/histogram_temperature.png  used on input line 241.
(pdftex.def)             Requested size: 241.84843pt x 152.37706pt.


[10]
<images/knn_distances_temperature_arona.png, id=565, 499.3857pt x 339.669pt>
File: images/knn_distances_temperature_arona.png Graphic file (type png)
<use images/knn_distances_temperature_arona.png>
Package pdftex.def Info: images/knn_distances_temperature_arona.png  used on input line 261.
(pdftex.def)             Requested size: 241.84843pt x 164.50084pt.
<images/histogram_humidity_knn.png, id=566, 620.7993pt x 395.3169pt>
File: images/histogram_humidity_knn.png Graphic file (type png)
<use images/histogram_humidity_knn.png>
Package pdftex.def Info: images/histogram_humidity_knn.png  used on input line 268.
(pdftex.def)             Requested size: 241.84843pt x 154.00406pt.
<images/histogram_temperature_knn.png, id=567, 620.7993pt x 395.3169pt>
File: images/histogram_temperature_knn.png Graphic file (type png)
<use images/histogram_temperature_knn.png>
Package pdftex.def Info: images/histogram_temperature_knn.png  used on input line 275.
(pdftex.def)             Requested size: 241.84843pt x 154.00406pt.


[11 <./images/histogram_humidity.png> <./images/histogram_temperature.png>]

[12 <./images/knn_distances_temperature_arona.png> <./images/histogram_humidity_knn.png> <./images/histogram_temperature_knn.png>]
LaTeX Font Info:    Font shape `T1/fve/b/n' will be
(Font)              scaled to size 9.85492pt on input line 291.
LaTeX Font Info:    Font shape `T1/fve/m/n' will be
(Font)              scaled to size 7.19995pt on input line 295.
LaTeX Font Info:    Font shape `T1/fve/m/n' will be
(Font)              scaled to size 5.39996pt on input line 295.
<images/fft_temperature.png, id=587, 715.473pt x 426.393pt>
File: images/fft_temperature.png Graphic file (type png)
<use images/fft_temperature.png>
Package pdftex.def Info: images/fft_temperature.png  used on input line 320.
(pdftex.def)             Requested size: 241.84843pt x 144.12589pt.
<images/fft_pressure.png, id=588, 715.473pt x 426.393pt>
File: images/fft_pressure.png Graphic file (type png)
<use images/fft_pressure.png>
Package pdftex.def Info: images/fft_pressure.png  used on input line 327.
(pdftex.def)             Requested size: 241.84843pt x 144.12589pt.


[13 <./images/fft_temperature.png> <./images/fft_pressure.png>]
<images/correlation_heatmap.png, id=598, 481.3182pt x 415.5525pt>
File: images/correlation_heatmap.png Graphic file (type png)
<use images/correlation_heatmap.png>
Package pdftex.def Info: images/correlation_heatmap.png  used on input line 353.
(pdftex.def)             Requested size: 241.84843pt x 208.80295pt.


[14 <./images/correlation_heatmap.png>]
LaTeX Font Info:    Font shape `T1/fve/m/it' in size <10.95> not available
(Font)              Font shape `T1/fve/m/sl' tried instead on input line 419.
LaTeX Font Info:    Font shape `T1/fve/m/sl' will be
(Font)              scaled to size 9.85492pt on input line 419.


[15]

[16])

[17]
Cap\'{\i }tulo 3.
(./cap3.tex
<images/arima_pacf_hum.png, id=621, 462.528pt x 346.896pt>
File: images/arima_pacf_hum.png Graphic file (type png)
<use images/arima_pacf_hum.png>
Package pdftex.def Info: images/arima_pacf_hum.png  used on input line 22.
(pdftex.def)             Requested size: 241.84843pt x 181.38736pt.


[18

]
<images/arima_pacf_pres.png, id=627, 462.528pt x 346.896pt>
File: images/arima_pacf_pres.png Graphic file (type png)
<use images/arima_pacf_pres.png>
Package pdftex.def Info: images/arima_pacf_pres.png  used on input line 29.
(pdftex.def)             Requested size: 241.84843pt x 181.38736pt.


[19 <./images/arima_pacf_hum.png> <./images/arima_pacf_pres.png>]

[20]
<images/arima_acf_temp.png, id=646, 462.528pt x 346.896pt>
File: images/arima_acf_temp.png Graphic file (type png)
<use images/arima_acf_temp.png>
Package pdftex.def Info: images/arima_acf_temp.png  used on input line 117.
(pdftex.def)             Requested size: 241.84843pt x 181.38736pt.
<images/arima_acf_pres.png, id=647, 462.528pt x 346.896pt>
File: images/arima_acf_pres.png Graphic file (type png)
<use images/arima_acf_pres.png>
Package pdftex.def Info: images/arima_acf_pres.png  used on input line 124.
(pdftex.def)             Requested size: 241.84843pt x 181.38736pt.


[21 <./images/arima_acf_temp.png>]
<images/arima_residuals.png, id=657, 462.528pt x 346.896pt>
File: images/arima_residuals.png Graphic file (type png)
<use images/arima_residuals.png>
Package pdftex.def Info: images/arima_residuals.png  used on input line 167.
(pdftex.def)             Requested size: 338.58632pt x 253.95184pt.


[22 <./images/arima_acf_pres.png>]
<images/arima_residuals_density.png, id=663, 462.528pt x 346.896pt>
File: images/arima_residuals_density.png Graphic file (type png)
<use images/arima_residuals_density.png>
Package pdftex.def Info: images/arima_residuals_density.png  used on input line 174.
(pdftex.def)             Requested size: 338.58632pt x 253.95184pt.
<images/arima_result.png, id=664, 462.528pt x 346.896pt>
File: images/arima_result.png Graphic file (type png)
<use images/arima_result.png>
Package pdftex.def Info: images/arima_result.png  used on input line 181.
(pdftex.def)             Requested size: 338.58632pt x 253.95184pt.


[23 <./images/arima_residuals.png> <./images/arima_result.png>]
Overfull \hbox (21.73682pt too wide) in paragraph at lines 192--194
[]\T1/fve/m/sc/12 (-20) Para crear el da-ta-set, se em-plea la fun-cin de Ten-sor-Flow \T1/fvm/m/n/12 Dataset.from_tensor_slices()\T1/fve/m/sc/12 (-20) ,
 []



[24 <./images/arima_residuals_density.png>]

[25]

[26]

[27]

LaTeX Warning: `!h' float specifier changed to `!ht'.



[28]

[29]
<images/past_window_size.png, id=711, 1124.2pt x 1960.32375pt>
File: images/past_window_size.png Graphic file (type png)
<use images/past_window_size.png>
Package pdftex.def Info: images/past_window_size.png  used on input line 462.
(pdftex.def)             Requested size: 338.58632pt x 590.4049pt.


[30]

[31 <./images/past_window_size.png>]
<images/noise_past_data.png, id=723, 803.0pt x 375.4025pt>
File: images/noise_past_data.png Graphic file (type png)
<use images/noise_past_data.png>
Package pdftex.def Info: images/noise_past_data.png  used on input line 516.
(pdftex.def)             Requested size: 338.58632pt x 158.29234pt.


[32]
<images/noise_y.png, id=730, 803.0pt x 378.41376pt>
File: images/noise_y.png Graphic file (type png)
<use images/noise_y.png>
Package pdftex.def Info: images/noise_y.png  used on input line 523.
(pdftex.def)             Requested size: 338.58632pt x 159.56207pt.


[33 <./images/noise_past_data.png> <./images/noise_y.png>]

[34]

[35]

[36]
<images/grafico_f12_temp.png, id=759, 1003.8303pt x 426.393pt>
File: images/grafico_f12_temp.png Graphic file (type png)
<use images/grafico_f12_temp.png>
Package pdftex.def Info: images/grafico_f12_temp.png  used on input line 785.
(pdftex.def)             Requested size: 338.58632pt x 143.8201pt.
<images/grafico_f12_pres.png, id=760, 1003.8303pt x 426.393pt>
File: images/grafico_f12_pres.png Graphic file (type png)
<use images/grafico_f12_pres.png>
Package pdftex.def Info: images/grafico_f12_pres.png  used on input line 792.
(pdftex.def)             Requested size: 338.58632pt x 143.8201pt.
<images/grafico_f12_hum.png, id=761, 1003.8303pt x 426.393pt>
File: images/grafico_f12_hum.png Graphic file (type png)
<use images/grafico_f12_hum.png>
Package pdftex.def Info: images/grafico_f12_hum.png  used on input line 799.
(pdftex.def)             Requested size: 338.58632pt x 143.8201pt.
<images/grafico_f12_temp_mal.png, id=762, 1003.8303pt x 426.393pt>
File: images/grafico_f12_temp_mal.png Graphic file (type png)
<use images/grafico_f12_temp_mal.png>
Package pdftex.def Info: images/grafico_f12_temp_mal.png  used on input line 806.
(pdftex.def)             Requested size: 338.58632pt x 143.8201pt.


[37]

[38 <./images/grafico_f12_temp.png> <./images/grafico_f12_pres.png> <./images/grafico_f12_hum.png> <./images/grafico_f12_temp_mal.png>])

[39]
Cap\'{\i }tulo 4.
(./cap4.tex

[40

]
<images/frontend_loading.png, id=789, 1848.9075pt x 640.3925pt>
File: images/frontend_loading.png Graphic file (type png)
<use images/frontend_loading.png>
Package pdftex.def Info: images/frontend_loading.png  used on input line 39.
(pdftex.def)             Requested size: 435.32422pt x 150.77563pt.
<images/frontend_loaded.png, id=790, 1849.91125pt x 1012.78375pt>
File: images/frontend_loaded.png Graphic file (type png)
<use images/frontend_loaded.png>
Package pdftex.def Info: images/frontend_loaded.png  used on input line 46.
(pdftex.def)             Requested size: 435.32422pt x 238.32874pt.
<images/frontend_prediction.png, id=791, 1849.91125pt x 1010.77625pt>
File: images/frontend_prediction.png Graphic file (type png)
<use images/frontend_prediction.png>
Package pdftex.def Info: images/frontend_prediction.png  used on input line 53.
(pdftex.def)             Requested size: 435.32422pt x 237.85634pt.


[41 <./images/frontend_loading.png> <./images/frontend_loaded.png>]
<images/esquema_despliegue.png, id=799, 1351.0475pt x 596.2275pt>
File: images/esquema_despliegue.png Graphic file (type png)
<use images/esquema_despliegue.png>
Package pdftex.def Info: images/esquema_despliegue.png  used on input line 71.
(pdftex.def)             Requested size: 435.32422pt x 192.10677pt.


[42 <./images/frontend_prediction.png>])

[43 <./images/esquema_despliegue.png>]
Cap\'{\i }tulo 5.
(./cap5.tex)

[44

]

[45]
Cap\'{\i }tulo 6.
(./cap6.tex)

[46

]
Cap\'{\i }tulo 7.
(./cap7.tex
LaTeX Font Info:    Faking \texteuro for font family fve
(Font)              in TS1 encoding on input line 12.
LaTeX Font Info:    Font shape `T1/fve/m/n' will be
(Font)              scaled to size 6.8984pt on input line 12.
LaTeX Font Info:    Faking \texteuro for font family fve
(Font)              in TS1 encoding on input line 12.
LaTeX Font Info:    Faking \texteuro for font family fve
(Font)              in TS1 encoding on input line 13.
LaTeX Font Info:    Faking \texteuro for font family fve
(Font)              in TS1 encoding on input line 13.
LaTeX Font Info:    Faking \texteuro for font family fve
(Font)              in TS1 encoding on input line 14.
LaTeX Font Info:    Faking \texteuro for font family fve
(Font)              in TS1 encoding on input line 14.
LaTeX Font Info:    Faking \texteuro for font family fve
(Font)              in TS1 encoding on input line 15.
LaTeX Font Info:    Font shape `T1/fve/b/n' will be
(Font)              scaled to size 6.8984pt on input line 15.

Overfull \hbox (34.55157pt too wide) in paragraph at lines 9--18
 [][] 
 []

LaTeX Font Info:    Faking \texteuro for font family fve
(Font)              in TS1 encoding on input line 36.
LaTeX Font Info:    Faking \texteuro for font family fve
(Font)              in TS1 encoding on input line 37.
LaTeX Font Info:    Faking \texteuro for font family fve
(Font)              in TS1 encoding on input line 38.
LaTeX Font Info:    Faking \texteuro for font family fve
(Font)              in TS1 encoding on input line 39.
LaTeX Font Info:    Faking \texteuro for font family fve
(Font)              in TS1 encoding on input line 48.
LaTeX Font Info:    Font shape `T1/fve/m/n' will be
(Font)              scaled to size 7.5599pt on input line 48.
)

[47

]

[48]

[49

]
Underfull \hbox (badness 5175) in paragraph at lines 435--436
[]\T1/fve/m/sc/12 (+20) Gu, X., Ako-glu, L., & Ri-nal-do, A. (2019). \T1/fve/m/sl/12 (+20) Sta-tis-ti-cal analy-sis of nea-
 []


Underfull \hbox (badness 3407) in paragraph at lines 435--436
\T1/fve/m/sl/12 (+20) rest neigh-bor methods for ano-maly de-tec-tion\T1/fve/m/sc/12 (+20) . Ad-van-ces in Neu-ral In-for-
 []


Underfull \hbox (badness 1975) in paragraph at lines 435--436
\T1/fve/m/sc/12 (+20) ma-tion Pro-ces-sing Sys-tems, 32 (pp. 10921^^U10931). Cu-rran As-so-cia-tes, Inc.
 []


Underfull \hbox (badness 5388) in paragraph at lines 441--442
[]\T1/fve/m/sc/12 (+20) Graves, A. and Sch-midhu-ber, J. (2005). \T1/fve/m/sl/12 (+20) Fra-me-wi-se pho-ne-me clas-si-fi-ca-
 []


Underfull \hbox (badness 1383) in paragraph at lines 441--442
\T1/fve/m/sl/12 (+20) tion with bi-di-rec-tio-nal LSTM net-works\T1/fve/m/sc/12 (+20) . Neu-ral Net-works, 18(5-6), 602^^U610.
 []


Underfull \hbox (badness 2080) in paragraph at lines 444--445
[]\T1/fve/m/sc/12 (+20) Bahdanau, D., Cho, K., & Ben-gio, Y. (2014). \T1/fve/m/sl/12 (+20) Neu-ral ma-chi-ne trans-la-tion
 []


Underfull \hbox (badness 2393) in paragraph at lines 444--445
\T1/fve/m/sl/12 (+20) by jointly lear-ning to align and trans-la-te\T1/fve/m/sc/12 (+20) . ar-Xiv pre-print ar-Xiv:1409.0473.
 []



[50] (./memtfg.aux)
 ***********
LaTeX2e <2024-11-01> patch level 1
L3 programming layer <2024-12-09>
 ***********


LaTeX Font Warning: Some font shapes were not available, defaults substituted.

Package rerunfilecheck Info: File `memtfg.out' has not changed.
(rerunfilecheck)             Checksum: 6443AA475FE33303F89F04F8D55DCD4B;9432.
 ) 
Here is how much of TeX's memory you used:
 22565 strings out of 473254
 367902 string characters out of 5717961
 917507 words of memory out of 5000000
 44783 multiletter control sequences out of 15000+600000
 671209 words of font info for 366 fonts, out of 8000000 for 9000
 1141 hyphenation exceptions out of 8191
 79i,13n,93p,1244b,709s stack positions out of 10000i,1000n,20000p,200000b,200000s
</usr/local/texlive/2024/texmf-dist/fonts/type1/public/amsfonts/cm/cmmi10.pfb></usr/local/texlive/2024/texmf-dist/fonts/type1/public/amsfonts/cm/cmmi12.pfb></usr/local/texlive/2024/texmf-dist/fonts/type1/public/amsfonts/cm/cmmi8.pfb></usr/local/texlive/2024/texmf-dist/fonts/type1/public/amsfonts/cm/cmr10.pfb></usr/local/texlive/2024/texmf-dist/fonts/type1/public/amsfonts/cm/cmr12.pfb></usr/local/texlive/2024/texmf-dist/fonts/type1/public/amsfonts/cm/cmr8.pfb></usr/local/texlive/2024/texmf-dist/fonts/type1/public/amsfonts/cm/cmsy10.pfb></usr/local/texlive/2024/texmf-dist/fonts/type1/public/amsfonts/cm/cmsy8.pfb></usr/local/texlive/2024/texmf-dist/fonts/type1/public/bera/fveb8a.pfb></usr/local/texlive/2024/texmf-dist/fonts/type1/public/bera/fver8a.pfb></usr/local/texlive/2024/texmf-dist/fonts/type1/public/bera/fver8a.pfb></usr/local/texlive/2024/texmf-dist/fonts/type1/public/bera/fvmr8a.pfb>
Output written on memtfg.pdf (61 pages, 2906228 bytes).
PDF statistics:
 942 PDF objects out of 1000 (max. 8388607)
 780 compressed objects within 8 object streams
 200 named destinations out of 1000 (max. 500000)
 109155 words of extra memory for PDF output out of 128383 (max. 10000000)

