\BOOKMARK [0][-]{chapter.1}{\376\377\000I\000n\000t\000r\000o\000d\000u\000c\000c\000i\000\363\000n}{}% 1
\BOOKMARK [1][-]{section.1.1}{\376\377\000S\000e\000c\000c\000i\000\363\000n\000\040\000U\000n\000o}{chapter.1}% 2
\BOOKMARK [2][-]{subsection.1.1.1}{\376\377\000A\000p\000a\000r\000t\000a\000d\000o\000\040\000U\000n\000o}{section.1.1}% 3
\BOOKMARK [1][-]{section.1.2}{\376\377\000S\000e\000c\000c\000i\000\363\000n\000\040\000D\000o\000s}{chapter.1}% 4
\BOOKMARK [1][-]{section.1.3}{\376\377\000S\000e\000c\000c\000i\000\363\000n\000\040\000T\000r\000e\000s}{chapter.1}% 5
\BOOKMARK [1][-]{section.1.4}{\376\377\000S\000e\000c\000c\000i\000\363\000n\000\040\000C\000u\000a\000t\000r\000o}{chapter.1}% 6
\BOOKMARK [0][-]{chapter.2}{\376\377\000T\000\355\000t\000u\000l\000o\000\040\000d\000e\000l\000\040\000C\000a\000p\000\355\000t\000u\000l\000o\000\040\0002}{}% 7
\BOOKMARK [1][-]{section.2.1}{\376\377\000P\000r\000i\000m\000e\000r\000a\000\040\000s\000e\000c\000c\000i\000\363\000n\000\040\000d\000e\000\040\000o\000t\000r\000o\000\040\000c\000a\000p\000i\000t\000u\000l\000o}{chapter.2}% 8
\BOOKMARK [0][-]{chapter.3}{\376\377\000T\000\355\000t\000u\000l\000o\000\040\000d\000e\000l\000\040\000C\000a\000p\000\355\000t\000u\000l\000o\000\040\0003}{}% 9
\BOOKMARK [1][-]{section.3.1}{\376\377\000P\000r\000i\000m\000e\000r\000a\000\040\000s\000e\000c\000c\000i\000\363\000n\000\040\000d\000e\000\040\000e\000s\000t\000e\000\040\000c\000a\000p\000\355\000t\000u\000l\000o}{chapter.3}% 10
\BOOKMARK [1][-]{section.3.2}{\376\377\000S\000e\000g\000u\000n\000d\000o\000\040\000a\000p\000a\000r\000t\000a\000d\000o\000\040\000d\000e\000\040\000e\000s\000t\000e\000\040\000c\000a\000p\000\355\000t\000u\000l\000o}{chapter.3}% 11
\BOOKMARK [1][-]{section.3.3}{\376\377\000T\000e\000r\000c\000e\000r\000\040\000a\000p\000a\000r\000t\000a\000d\000o\000\040\000d\000e\000\040\000e\000s\000t\000e\000\040\000c\000a\000p\000\355\000t\000u\000l\000o}{chapter.3}% 12
\BOOKMARK [0][-]{chapter.4}{\376\377\000T\000\355\000t\000u\000l\000o\000\040\000d\000e\000l\000\040\000C\000a\000p\000\355\000t\000u\000l\000o\000\040\0004}{}% 13
\BOOKMARK [0][-]{chapter.5}{\376\377\000C\000o\000n\000c\000l\000u\000s\000i\000o\000n\000e\000s\000\040\000y\000\040\000l\000\355\000n\000e\000a\000s\000\040\000f\000u\000t\000u\000r\000a\000s}{}% 14
\BOOKMARK [0][-]{chapter.6}{\376\377\000S\000u\000m\000m\000a\000r\000y\000\040\000a\000n\000d\000\040\000C\000o\000n\000c\000l\000u\000s\000i\000o\000n\000s}{}% 15
\BOOKMARK [0][-]{chapter.7}{\376\377\000P\000r\000e\000s\000u\000p\000u\000e\000s\000t\000o}{}% 16
\BOOKMARK [1][-]{section.7.1}{\376\377\000S\000e\000c\000c\000i\000\363\000n\000\040\000U\000n\000o}{chapter.7}% 17
\BOOKMARK [0][-]{appendix.Alph1}{\376\377\000T\000\355\000t\000u\000l\000o\000\040\000d\000e\000l\000\040\000A\000p\000\351\000n\000d\000i\000c\000e\000\040\0001}{}% 18
\BOOKMARK [1][-]{section.Alph1.1}{\376\377\000A\000l\000g\000o\000r\000i\000t\000m\000o\000\040\000X\000X\000X}{appendix.Alph1}% 19
\BOOKMARK [1][-]{section.Alph1.2}{\376\377\000A\000l\000g\000o\000r\000i\000t\000m\000o\000\040\000Y\000Y\000Y}{appendix.Alph1}% 20
\BOOKMARK [1][-]{section.Alph1.3}{\376\377\000A\000l\000g\000o\000r\000i\000t\000m\000o\000\040\000Z\000Z\000Z}{appendix.Alph1}% 21
\BOOKMARK [0][-]{appendix.Alph2}{\376\377\000T\000\355\000t\000u\000l\000o\000\040\000d\000e\000l\000\040\000A\000p\000\351\000n\000d\000i\000c\000e\000\040\0002}{}% 22
\BOOKMARK [1][-]{section.Alph2.1}{\376\377\000O\000t\000r\000o\000\040\000a\000p\000\351\000n\000d\000i\000c\000e\000:\000\040\000S\000e\000c\000c\000i\000\363\000n\000\040\0001}{appendix.Alph2}% 23
\BOOKMARK [1][-]{section.Alph2.2}{\376\377\000O\000t\000r\000o\000\040\000a\000p\000\351\000n\000d\000i\000c\000e\000:\000\040\000S\000e\000c\000c\000i\000\363\000n\000\040\0002}{appendix.Alph2}% 24
